/*C26*/SET SCHEMA PUBLIC
CONNECT USER SA
DISCONNECT
/*C27*/SET SCHEMA PUBLIC
CONNECT USER SA
DISCONNECT
/*C28*/SET SCHEMA PUBLIC
CONNECT USER SA
DISCONNECT
/*C29*/SET SCHEMA PUBLIC
CONNECT USER SA
DISCONNECT
/*C30*/SET SCHEMA PUBLIC
CONNECT USER SA
DISCONNECT
/*C31*/SET SCHEMA PUBLIC
CONNECT USER SA
DISCONNECT
/*C32*/SET SCHEMA PUBLIC
CONNECT USER SA
DISCONNECT
/*C33*/SET SCHEMA PUBLIC
CONNECT USER SA
DISCONNECT
/*C34*/SET SCHEMA PUBLIC
CONNECT USER SA
DISCONNECT
/*C35*/SET SCHEMA PUBLIC
CONNECT USER SA
DISCONNECT
/*C36*/SET SCHEMA PUBLIC
CONNECT USER SA
DISCONNECT
/*C37*/SET SCHEMA PUBLIC
CONNECT USER SA
DISCONNECT
/*C38*/SET SCHEMA PUBLIC
CONNECT USER SA
DISCONNECT
/*C39*/SET SCHEMA PUBLIC
CONNECT USER SA
DISCONNECT
/*C40*/SET SCHEMA PUBLIC
CONNECT USER SA
DISCONNECT
/*C41*/SET SCHEMA PUBLIC
CONNECT USER SA
DISCONNECT
/*C42*/SET SCHEMA PUBLIC
CONNECT USER SA
DISCONNECT
/*C43*/SET SCHEMA PUBLIC
CONNECT USER SA
DISCONNECT
/*C44*/SET SCHEMA PUBLIC
CONNECT USER SA
DISCONNECT
/*C45*/SET SCHEMA PUBLIC
CONNECT USER SA
DISCONNECT
/*C46*/SET SCHEMA PUBLIC
CONNECT USER SA
DISCONNECT
/*C47*/SET SCHEMA PUBLIC
CONNECT USER SA
DISCONNECT
/*C48*/SET SCHEMA PUBLIC
CONNECT USER SA
DISCONNECT
/*C49*/SET SCHEMA PUBLIC
CONNECT USER SA
DISCONNECT
/*C50*/SET SCHEMA PUBLIC
CONNECT USER SA
DISCONNECT
/*C51*/SET SCHEMA PUBLIC
CONNECT USER SA
DISCONNECT
/*C52*/SET SCHEMA PUBLIC
CONNECT USER SA
DISCONNECT
/*C53*/SET SCHEMA PUBLIC
CONNECT USER SA
DISCONNECT
/*C54*/SET SCHEMA PUBLIC
CONNECT USER SA
DISCONNECT
/*C55*/SET SCHEMA PUBLIC
CONNECT USER SA
DISCONNECT
/*C56*/SET SCHEMA PUBLIC
CONNECT USER SA
DISCONNECT
/*C57*/SET SCHEMA PUBLIC
CONNECT USER SA
DISCONNECT
/*C58*/SET SCHEMA PUBLIC
CONNECT USER SA
DISCONNECT
/*C59*/SET SCHEMA PUBLIC
CONNECT USER SA
DISCONNECT
/*C60*/SET SCHEMA PUBLIC
CONNECT USER SA
DISCONNECT
/*C61*/SET SCHEMA PUBLIC
CONNECT USER SA
DISCONNECT
/*C62*/SET SCHEMA PUBLIC
CONNECT USER SA
DISCONNECT
/*C63*/SET SCHEMA PUBLIC
CONNECT USER SA
DISCONNECT
/*C64*/SET SCHEMA PUBLIC
CONNECT USER SA
DISCONNECT
/*C65*/SET SCHEMA PUBLIC
CONNECT USER SA
DISCONNECT
/*C66*/SET SCHEMA PUBLIC
CONNECT USER SA
DISCONNECT
/*C67*/SET SCHEMA PUBLIC
CONNECT USER SA
DISCONNECT
/*C68*/SET SCHEMA PUBLIC
CONNECT USER SA
DISCONNECT
/*C69*/SET SCHEMA PUBLIC
CONNECT USER SA
DISCONNECT
/*C70*/SET SCHEMA PUBLIC
CONNECT USER SA
DISCONNECT
/*C71*/SET SCHEMA PUBLIC
CONNECT USER SA
DISCONNECT
/*C72*/SET SCHEMA PUBLIC
CONNECT USER SA
DISCONNECT
/*C73*/SET SCHEMA PUBLIC
CONNECT USER SA
DISCONNECT
/*C74*/SET SCHEMA PUBLIC
CONNECT USER SA
DISCONNECT
/*C75*/SET SCHEMA PUBLIC
CONNECT USER SA
DISCONNECT
/*C76*/SET SCHEMA PUBLIC
CONNECT USER SA
DISCONNECT
/*C77*/SET SCHEMA PUBLIC
CONNECT USER SA
DISCONNECT
/*C78*/SET SCHEMA PUBLIC
CONNECT USER SA
DISCONNECT
/*C79*/SET SCHEMA PUBLIC
CONNECT USER SA
DISCONNECT
/*C80*/SET SCHEMA PUBLIC
CONNECT USER SA
DISCONNECT
/*C81*/SET SCHEMA PUBLIC
CONNECT USER SA
DISCONNECT
/*C82*/SET SCHEMA PUBLIC
CONNECT USER SA
DISCONNECT
/*C83*/SET SCHEMA PUBLIC
CONNECT USER SA
DISCONNECT
/*C84*/SET SCHEMA PUBLIC
CONNECT USER SA
DISCONNECT
/*C85*/SET SCHEMA PUBLIC
CONNECT USER SA
DISCONNECT
/*C86*/SET SCHEMA PUBLIC
CONNECT USER SA
DISCONNECT
/*C87*/SET SCHEMA PUBLIC
CONNECT USER SA
DISCONNECT
/*C88*/SET SCHEMA PUBLIC
CONNECT USER SA
DISCONNECT
/*C89*/SET SCHEMA PUBLIC
CONNECT USER SA
DISCONNECT
/*C90*/SET SCHEMA PUBLIC
CONNECT USER SA
DISCONNECT
/*C91*/SET SCHEMA PUBLIC
CONNECT USER SA
DISCONNECT
/*C92*/SET SCHEMA PUBLIC
CONNECT USER SA
DISCONNECT
/*C93*/SET SCHEMA PUBLIC
CONNECT USER SA
DELETE FROM ACCOUNTS WHERE ID=100
INSERT INTO ACCOUNTS VALUES(100,'George',110.0E0)
DISCONNECT
/*C94*/SET SCHEMA PUBLIC
CONNECT USER SA
DISCONNECT
